[debug] [2025-10-28T22:36:51.017Z] ----------------------------------------------------------------------
[debug] [2025-10-28T22:36:51.022Z] Command:       C:\Program Files\nodejs\node.exe C:\Users\Ken\AppData\Roaming\npm\node_modules\firebase-tools\lib\bin\firebase.js init
[debug] [2025-10-28T22:36:51.023Z] CLI Version:   14.18.0
[debug] [2025-10-28T22:36:51.023Z] Platform:      win32
[debug] [2025-10-28T22:36:51.023Z] Node Version:  v22.19.0
[debug] [2025-10-28T22:36:51.023Z] Time:          Wed Oct 29 2025 06:36:51 GMT+0800 (Singapore Standard Time)
[debug] [2025-10-28T22:36:51.024Z] ----------------------------------------------------------------------
[debug] 
[debug] [2025-10-28T22:36:51.310Z] > command requires scopes: ["email","openid","https://www.googleapis.com/auth/cloudplatformprojects.readonly","https://www.googleapis.com/auth/firebase","https://www.googleapis.com/auth/cloud-platform"]
[debug] [2025-10-28T22:36:51.311Z] > authorizing via signed-in user (kusa_230000002006@uic.edu.ph)
[info] 
     ######## #### ########  ######## ########     ###     ######  ########
     ##        ##  ##     ## ##       ##     ##  ##   ##  ##       ##
     ######    ##  ########  ######   ########  #########  ######  ######
     ##        ##  ##    ##  ##       ##     ## ##     ##       ## ##
     ##       #### ##     ## ######## ########  ##     ##  ######  ########

You're about to initialize a Firebase project in this directory:

  C:\Users\Ken\Downloads\ORBIT

Before we get started, keep in mind:

  * You are initializing within an existing Firebase project directory

[info] 
=== Project Setup
[info] 
[info] First, let's associate this project directory with a Firebase project.
[info] You can create multiple project aliases by running firebase use --add, 
[info] but for now we'll just set up a default project.
[info] 
[debug] [2025-10-28T22:37:16.727Z] Using project from CLI flag: orbit-lms
[debug] [2025-10-28T22:37:16.728Z] Checked if tokens are valid: true, expires at: 1761692565297
[debug] [2025-10-28T22:37:16.728Z] Checked if tokens are valid: true, expires at: 1761692565297
[debug] [2025-10-28T22:37:16.729Z] >>> [apiv2][query] GET https://firebase.googleapis.com/v1beta1/projects/orbit-lms [none]
[debug] [2025-10-28T22:37:17.362Z] <<< [apiv2][status] GET https://firebase.googleapis.com/v1beta1/projects/orbit-lms 403
[debug] [2025-10-28T22:37:17.362Z] <<< [apiv2][body] GET https://firebase.googleapis.com/v1beta1/projects/orbit-lms {"error":{"code":403,"message":"The caller does not have permission","status":"PERMISSION_DENIED"}}
[debug] [2025-10-28T22:37:17.363Z] Request to https://firebase.googleapis.com/v1beta1/projects/orbit-lms had HTTP Error: 403, The caller does not have permission
[debug] [2025-10-28T22:37:17.620Z] FirebaseError: Request to https://firebase.googleapis.com/v1beta1/projects/orbit-lms had HTTP Error: 403, The caller does not have permission
    at responseToError (C:\Users\Ken\AppData\Roaming\npm\node_modules\firebase-tools\lib\responseToError.js:52:12)
    at RetryOperation._fn (C:\Users\Ken\AppData\Roaming\npm\node_modules\firebase-tools\lib\apiv2.js:312:77)
    at process.processTicksAndRejections (node:internal/process/task_queues:105:5)
[error] 
[error] Error: Failed to get Firebase project orbit-lms. Please make sure the project exists and your account has permission to access it.
